The target system is: Generic - 3.4.99 - arm
The host system is: Linux - 6.8.0-49-generic - x86_64
Compiling the C compiler identification source file "CMakeCCompilerId.c" succeeded.
Compiler: /home/matt/ncs/toolchains/b77d8c1312/opt/zephyr-sdk/arm-zephyr-eabi/bin/arm-zephyr-eabi-gcc 
Build flags: 
Id flags: -c 

The output was:
0


Compilation of the C compiler identification source "CMakeCCompilerId.c" produced "CMakeCCompilerId.o"

The C compiler identification is GNU, found in "/home/matt/Downloads/ncs/zephyr/samples/basic/blinky/build/CMakeFiles/3.22.1/CompilerIdC/CMakeCCompilerId.o"

Compiling the CXX compiler identification source file "CMakeCXXCompilerId.cpp" succeeded.
Compiler: /home/matt/ncs/toolchains/b77d8c1312/opt/zephyr-sdk/arm-zephyr-eabi/bin/arm-zephyr-eabi-g++ 
Build flags: 
Id flags: -c 

The output was:
0


Compilation of the CXX compiler identification source "CMakeCXXCompilerId.cpp" produced "CMakeCXXCompilerId.o"

The CXX compiler identification is GNU, found in "/home/matt/Downloads/ncs/zephyr/samples/basic/blinky/build/CMakeFiles/3.22.1/CompilerIdCXX/CMakeCXXCompilerId.o"

Checking whether the ASM compiler is GNU using "--version" matched "(GNU assembler)|(GCC)|(Free Software Foundation)":
arm-zephyr-eabi-gcc (Zephyr SDK 0.17.0) 12.2.0
Copyright (C) 2022 Free Software Foundation, Inc.
This is free software; see the source for copying conditions.  There is NO
warranty; not even for MERCHANTABILITY or FITNESS FOR A PARTICULAR PURPOSE.

Performing C SOURCE FILE Test check_C__nostartfiles__nostdlib__isystem___home_matt_ncs_toolchains_b77d8c1312_opt_zephyr_sdk_arm_zephyr_eabi_bin____lib_gcc_arm_zephyr_eabi_12_2_0_include___isystem___home_matt_ncs_toolchains_b77d8c1312_opt_zephyr_sdk_arm_zephyr_eabi_bin____lib_gcc_arm_zephyr_eabi_12_2_0_include_fixed___Wl___unresolved_symbols_ignore_in_object_files__Wl___entry_0 succeeded with the following output:
Change Dir: /home/matt/Downloads/ncs/zephyr/samples/basic/blinky/build/CMakeFiles/CMakeTmp

Run Build Command(s):/home/matt/ncs/toolchains/b77d8c1312/usr/local/bin/ninja cmTC_fedf6 && [1/2] Building C object CMakeFiles/cmTC_fedf6.dir/src.c.obj
[2/2] Linking C executable cmTC_fedf6


Source file was:
int main(void) { return 0; }
Performing C SOURCE FILE Test check_C__nostartfiles__nostdlib__isystem___home_matt_ncs_toolchains_b77d8c1312_opt_zephyr_sdk_arm_zephyr_eabi_bin____lib_gcc_arm_zephyr_eabi_12_2_0_include___isystem___home_matt_ncs_toolchains_b77d8c1312_opt_zephyr_sdk_arm_zephyr_eabi_bin____lib_gcc_arm_zephyr_eabi_12_2_0_include_fixed___Wl___unresolved_symbols_ignore_in_object_files__Wl___entry_0_ succeeded with the following output:
Change Dir: /home/matt/Downloads/ncs/zephyr/samples/basic/blinky/build/CMakeFiles/CMakeTmp

Run Build Command(s):/home/matt/ncs/toolchains/b77d8c1312/usr/local/bin/ninja cmTC_adc22 && [1/2] Building C object CMakeFiles/cmTC_adc22.dir/src.c.obj
[2/2] Linking C executable cmTC_adc22


Source file was:
int main(void) { return 0; }
Performing C SOURCE FILE Test check_Wall_C__nostartfiles__nostdlib__isystem___home_matt_ncs_toolchains_b77d8c1312_opt_zephyr_sdk_arm_zephyr_eabi_bin____lib_gcc_arm_zephyr_eabi_12_2_0_include___isystem___home_matt_ncs_toolchains_b77d8c1312_opt_zephyr_sdk_arm_zephyr_eabi_bin____lib_gcc_arm_zephyr_eabi_12_2_0_include_fixed___Wl___unresolved_symbols_ignore_in_object_files__Wl___entry_0 succeeded with the following output:
Change Dir: /home/matt/Downloads/ncs/zephyr/samples/basic/blinky/build/CMakeFiles/CMakeTmp

Run Build Command(s):/home/matt/ncs/toolchains/b77d8c1312/usr/local/bin/ninja cmTC_c2018 && [1/2] Building C object CMakeFiles/cmTC_c2018.dir/src.c.obj
[2/2] Linking C executable cmTC_c2018


Source file was:
int main(void) { return 0; }
Performing C SOURCE FILE Test check_Wformat__Wformat_security_C__nostartfiles__nostdlib__isystem___home_matt_ncs_toolchains_b77d8c1312_opt_zephyr_sdk_arm_zephyr_eabi_bin____lib_gcc_arm_zephyr_eabi_12_2_0_include___isystem___home_matt_ncs_toolchains_b77d8c1312_opt_zephyr_sdk_arm_zephyr_eabi_bin____lib_gcc_arm_zephyr_eabi_12_2_0_include_fixed___Wl___unresolved_symbols_ignore_in_object_files__Wl___entry_0 succeeded with the following output:
Change Dir: /home/matt/Downloads/ncs/zephyr/samples/basic/blinky/build/CMakeFiles/CMakeTmp

Run Build Command(s):/home/matt/ncs/toolchains/b77d8c1312/usr/local/bin/ninja cmTC_cedeb && [1/2] Building C object CMakeFiles/cmTC_cedeb.dir/src.c.obj
[2/2] Linking C executable cmTC_cedeb


Source file was:
int main(void) { return 0; }
Performing C SOURCE FILE Test check_Wformat__Wformat_zero_length_C__nostartfiles__nostdlib__isystem___home_matt_ncs_toolchains_b77d8c1312_opt_zephyr_sdk_arm_zephyr_eabi_bin____lib_gcc_arm_zephyr_eabi_12_2_0_include___isystem___home_matt_ncs_toolchains_b77d8c1312_opt_zephyr_sdk_arm_zephyr_eabi_bin____lib_gcc_arm_zephyr_eabi_12_2_0_include_fixed___Wl___unresolved_symbols_ignore_in_object_files__Wl___entry_0 succeeded with the following output:
Change Dir: /home/matt/Downloads/ncs/zephyr/samples/basic/blinky/build/CMakeFiles/CMakeTmp

Run Build Command(s):/home/matt/ncs/toolchains/b77d8c1312/usr/local/bin/ninja cmTC_95465 && [1/2] Building C object CMakeFiles/cmTC_95465.dir/src.c.obj
[2/2] Linking C executable cmTC_95465


Source file was:
int main(void) { return 0; }
Performing C SOURCE FILE Test check_Wpointer_sign_C__nostartfiles__nostdlib__isystem___home_matt_ncs_toolchains_b77d8c1312_opt_zephyr_sdk_arm_zephyr_eabi_bin____lib_gcc_arm_zephyr_eabi_12_2_0_include___isystem___home_matt_ncs_toolchains_b77d8c1312_opt_zephyr_sdk_arm_zephyr_eabi_bin____lib_gcc_arm_zephyr_eabi_12_2_0_include_fixed___Wl___unresolved_symbols_ignore_in_object_files__Wl___entry_0 succeeded with the following output:
Change Dir: /home/matt/Downloads/ncs/zephyr/samples/basic/blinky/build/CMakeFiles/CMakeTmp

Run Build Command(s):/home/matt/ncs/toolchains/b77d8c1312/usr/local/bin/ninja cmTC_09637 && [1/2] Building C object CMakeFiles/cmTC_09637.dir/src.c.obj
[2/2] Linking C executable cmTC_09637


Source file was:
int main(void) { return 0; }
Performing C SOURCE FILE Test check_Wpointer_arith_C__nostartfiles__nostdlib__isystem___home_matt_ncs_toolchains_b77d8c1312_opt_zephyr_sdk_arm_zephyr_eabi_bin____lib_gcc_arm_zephyr_eabi_12_2_0_include___isystem___home_matt_ncs_toolchains_b77d8c1312_opt_zephyr_sdk_arm_zephyr_eabi_bin____lib_gcc_arm_zephyr_eabi_12_2_0_include_fixed___Wl___unresolved_symbols_ignore_in_object_files__Wl___entry_0 succeeded with the following output:
Change Dir: /home/matt/Downloads/ncs/zephyr/samples/basic/blinky/build/CMakeFiles/CMakeTmp

Run Build Command(s):/home/matt/ncs/toolchains/b77d8c1312/usr/local/bin/ninja cmTC_9be6f && [1/2] Building C object CMakeFiles/cmTC_9be6f.dir/src.c.obj
[2/2] Linking C executable cmTC_9be6f


Source file was:
int main(void) { return 0; }
Performing C SOURCE FILE Test check_Wexpansion_to_defined_C__nostartfiles__nostdlib__isystem___home_matt_ncs_toolchains_b77d8c1312_opt_zephyr_sdk_arm_zephyr_eabi_bin____lib_gcc_arm_zephyr_eabi_12_2_0_include___isystem___home_matt_ncs_toolchains_b77d8c1312_opt_zephyr_sdk_arm_zephyr_eabi_bin____lib_gcc_arm_zephyr_eabi_12_2_0_include_fixed___Wl___unresolved_symbols_ignore_in_object_files__Wl___entry_0 succeeded with the following output:
Change Dir: /home/matt/Downloads/ncs/zephyr/samples/basic/blinky/build/CMakeFiles/CMakeTmp

Run Build Command(s):/home/matt/ncs/toolchains/b77d8c1312/usr/local/bin/ninja cmTC_261f3 && [1/2] Building C object CMakeFiles/cmTC_261f3.dir/src.c.obj
[2/2] Linking C executable cmTC_261f3


Source file was:
int main(void) { return 0; }
Performing C SOURCE FILE Test check_Wlogical_op_C__nostartfiles__nostdlib__isystem___home_matt_ncs_toolchains_b77d8c1312_opt_zephyr_sdk_arm_zephyr_eabi_bin____lib_gcc_arm_zephyr_eabi_12_2_0_include___isystem___home_matt_ncs_toolchains_b77d8c1312_opt_zephyr_sdk_arm_zephyr_eabi_bin____lib_gcc_arm_zephyr_eabi_12_2_0_include_fixed___Wl___unresolved_symbols_ignore_in_object_files__Wl___entry_0 succeeded with the following output:
Change Dir: /home/matt/Downloads/ncs/zephyr/samples/basic/blinky/build/CMakeFiles/CMakeTmp

Run Build Command(s):/home/matt/ncs/toolchains/b77d8c1312/usr/local/bin/ninja cmTC_35a52 && [1/2] Building C object CMakeFiles/cmTC_35a52.dir/src.c.obj
[2/2] Linking C executable cmTC_35a52


Source file was:
int main(void) { return 0; }
Performing C SOURCE FILE Test check_Wmissing_field_initializers_C__nostartfiles__nostdlib__isystem___home_matt_ncs_toolchains_b77d8c1312_opt_zephyr_sdk_arm_zephyr_eabi_bin____lib_gcc_arm_zephyr_eabi_12_2_0_include___isystem___home_matt_ncs_toolchains_b77d8c1312_opt_zephyr_sdk_arm_zephyr_eabi_bin____lib_gcc_arm_zephyr_eabi_12_2_0_include_fixed___Wl___unresolved_symbols_ignore_in_object_files__Wl___entry_0 succeeded with the following output:
Change Dir: /home/matt/Downloads/ncs/zephyr/samples/basic/blinky/build/CMakeFiles/CMakeTmp

Run Build Command(s):/home/matt/ncs/toolchains/b77d8c1312/usr/local/bin/ninja cmTC_1940a && [1/2] Building C object CMakeFiles/cmTC_1940a.dir/src.c.obj
[2/2] Linking C executable cmTC_1940a


Source file was:
int main(void) { return 0; }
Performing C SOURCE FILE Test check_Wpacked_bitfield_compat_C__nostartfiles__nostdlib__isystem___home_matt_ncs_toolchains_b77d8c1312_opt_zephyr_sdk_arm_zephyr_eabi_bin____lib_gcc_arm_zephyr_eabi_12_2_0_include___isystem___home_matt_ncs_toolchains_b77d8c1312_opt_zephyr_sdk_arm_zephyr_eabi_bin____lib_gcc_arm_zephyr_eabi_12_2_0_include_fixed___Wl___unresolved_symbols_ignore_in_object_files__Wl___entry_0 succeeded with the following output:
Change Dir: /home/matt/Downloads/ncs/zephyr/samples/basic/blinky/build/CMakeFiles/CMakeTmp

Run Build Command(s):/home/matt/ncs/toolchains/b77d8c1312/usr/local/bin/ninja cmTC_379d7 && [1/2] Building C object CMakeFiles/cmTC_379d7.dir/src.c.obj
[2/2] Linking C executable cmTC_379d7


Source file was:
int main(void) { return 0; }
Performing C SOURCE FILE Test check_Wvla_C__nostartfiles__nostdlib__isystem___home_matt_ncs_toolchains_b77d8c1312_opt_zephyr_sdk_arm_zephyr_eabi_bin____lib_gcc_arm_zephyr_eabi_12_2_0_include___isystem___home_matt_ncs_toolchains_b77d8c1312_opt_zephyr_sdk_arm_zephyr_eabi_bin____lib_gcc_arm_zephyr_eabi_12_2_0_include_fixed___Wl___unresolved_symbols_ignore_in_object_files__Wl___entry_0 succeeded with the following output:
Change Dir: /home/matt/Downloads/ncs/zephyr/samples/basic/blinky/build/CMakeFiles/CMakeTmp

Run Build Command(s):/home/matt/ncs/toolchains/b77d8c1312/usr/local/bin/ninja cmTC_1f024 && [1/2] Building C object CMakeFiles/cmTC_1f024.dir/src.c.obj
[2/2] Linking C executable cmTC_1f024


Source file was:
int main(void) { return 0; }
Performing C SOURCE FILE Test check_Wunused_but_set_variable_C__nostartfiles__nostdlib__isystem___home_matt_ncs_toolchains_b77d8c1312_opt_zephyr_sdk_arm_zephyr_eabi_bin____lib_gcc_arm_zephyr_eabi_12_2_0_include___isystem___home_matt_ncs_toolchains_b77d8c1312_opt_zephyr_sdk_arm_zephyr_eabi_bin____lib_gcc_arm_zephyr_eabi_12_2_0_include_fixed___Wl___unresolved_symbols_ignore_in_object_files__Wl___entry_0 succeeded with the following output:
Change Dir: /home/matt/Downloads/ncs/zephyr/samples/basic/blinky/build/CMakeFiles/CMakeTmp

Run Build Command(s):/home/matt/ncs/toolchains/b77d8c1312/usr/local/bin/ninja cmTC_e076d && [1/2] Building C object CMakeFiles/cmTC_e076d.dir/src.c.obj
[2/2] Linking C executable cmTC_e076d


Source file was:
int main(void) { return 0; }
Performing C SOURCE FILE Test check_Werror_implicit_int_C__nostartfiles__nostdlib__isystem___home_matt_ncs_toolchains_b77d8c1312_opt_zephyr_sdk_arm_zephyr_eabi_bin____lib_gcc_arm_zephyr_eabi_12_2_0_include___isystem___home_matt_ncs_toolchains_b77d8c1312_opt_zephyr_sdk_arm_zephyr_eabi_bin____lib_gcc_arm_zephyr_eabi_12_2_0_include_fixed___Wl___unresolved_symbols_ignore_in_object_files__Wl___entry_0 succeeded with the following output:
Change Dir: /home/matt/Downloads/ncs/zephyr/samples/basic/blinky/build/CMakeFiles/CMakeTmp

Run Build Command(s):/home/matt/ncs/toolchains/b77d8c1312/usr/local/bin/ninja cmTC_1795e && [1/2] Building C object CMakeFiles/cmTC_1795e.dir/src.c.obj
[2/2] Linking C executable cmTC_1795e


Source file was:
int main(void) { return 0; }
Performing C SOURCE FILE Test check_mstack_protector_guard_global_C__nostartfiles__nostdlib__isystem___home_matt_ncs_toolchains_b77d8c1312_opt_zephyr_sdk_arm_zephyr_eabi_bin____lib_gcc_arm_zephyr_eabi_12_2_0_include___isystem___home_matt_ncs_toolchains_b77d8c1312_opt_zephyr_sdk_arm_zephyr_eabi_bin____lib_gcc_arm_zephyr_eabi_12_2_0_include_fixed___Wl___unresolved_symbols_ignore_in_object_files__Wl___entry_0 succeeded with the following output:
Change Dir: /home/matt/Downloads/ncs/zephyr/samples/basic/blinky/build/CMakeFiles/CMakeTmp

Run Build Command(s):/home/matt/ncs/toolchains/b77d8c1312/usr/local/bin/ninja cmTC_94144 && [1/2] Building C object CMakeFiles/cmTC_94144.dir/src.c.obj
[2/2] Linking C executable cmTC_94144


Source file was:
int main(void) { return 0; }
Performing C SOURCE FILE Test check_fno_freestanding_C__nostartfiles__nostdlib__isystem___home_matt_ncs_toolchains_b77d8c1312_opt_zephyr_sdk_arm_zephyr_eabi_bin____lib_gcc_arm_zephyr_eabi_12_2_0_include___isystem___home_matt_ncs_toolchains_b77d8c1312_opt_zephyr_sdk_arm_zephyr_eabi_bin____lib_gcc_arm_zephyr_eabi_12_2_0_include_fixed___Wl___unresolved_symbols_ignore_in_object_files__Wl___entry_0 succeeded with the following output:
Change Dir: /home/matt/Downloads/ncs/zephyr/samples/basic/blinky/build/CMakeFiles/CMakeTmp

Run Build Command(s):/home/matt/ncs/toolchains/b77d8c1312/usr/local/bin/ninja cmTC_d9ef3 && [1/2] Building C object CMakeFiles/cmTC_d9ef3.dir/src.c.obj
[2/2] Linking C executable cmTC_d9ef3


Source file was:
int main(void) { return 0; }
Performing C SOURCE FILE Test check_ffreestanding_C__nostartfiles__nostdlib__isystem___home_matt_ncs_toolchains_b77d8c1312_opt_zephyr_sdk_arm_zephyr_eabi_bin____lib_gcc_arm_zephyr_eabi_12_2_0_include___isystem___home_matt_ncs_toolchains_b77d8c1312_opt_zephyr_sdk_arm_zephyr_eabi_bin____lib_gcc_arm_zephyr_eabi_12_2_0_include_fixed___Wl___unresolved_symbols_ignore_in_object_files__Wl___entry_0 succeeded with the following output:
Change Dir: /home/matt/Downloads/ncs/zephyr/samples/basic/blinky/build/CMakeFiles/CMakeTmp

Run Build Command(s):/home/matt/ncs/toolchains/b77d8c1312/usr/local/bin/ninja cmTC_6abfe && [1/2] Building C object CMakeFiles/cmTC_6abfe.dir/src.c.obj
[2/2] Linking C executable cmTC_6abfe


Source file was:
int main(void) { return 0; }
Performing C SOURCE FILE Test check_gdwarf_4_C__nostartfiles__nostdlib__isystem___home_matt_ncs_toolchains_b77d8c1312_opt_zephyr_sdk_arm_zephyr_eabi_bin____lib_gcc_arm_zephyr_eabi_12_2_0_include___isystem___home_matt_ncs_toolchains_b77d8c1312_opt_zephyr_sdk_arm_zephyr_eabi_bin____lib_gcc_arm_zephyr_eabi_12_2_0_include_fixed___Wl___unresolved_symbols_ignore_in_object_files__Wl___entry_0 succeeded with the following output:
Change Dir: /home/matt/Downloads/ncs/zephyr/samples/basic/blinky/build/CMakeFiles/CMakeTmp

Run Build Command(s):/home/matt/ncs/toolchains/b77d8c1312/usr/local/bin/ninja cmTC_49fa4 && [1/2] Building C object CMakeFiles/cmTC_49fa4.dir/src.c.obj
[2/2] Linking C executable cmTC_49fa4


Source file was:
int main(void) { return 0; }
Performing C SOURCE FILE Test check_C__nostartfiles__nostdlib__isystem___home_matt_ncs_toolchains_b77d8c1312_opt_zephyr_sdk_arm_zephyr_eabi_bin____lib_gcc_arm_zephyr_eabi_12_2_0_include___isystem___home_matt_ncs_toolchains_b77d8c1312_opt_zephyr_sdk_arm_zephyr_eabi_bin____lib_gcc_arm_zephyr_eabi_12_2_0_include_fixed___Wl___unresolved_symbols_ignore_in_object_files__Wl___entry_0__Wl___print_memory_usage succeeded with the following output:
Change Dir: /home/matt/Downloads/ncs/zephyr/samples/basic/blinky/build/CMakeFiles/CMakeTmp

Run Build Command(s):/home/matt/ncs/toolchains/b77d8c1312/usr/local/bin/ninja cmTC_fd71f && [1/2] Building C object CMakeFiles/cmTC_fd71f.dir/src.c.obj
[2/2] Linking C executable cmTC_fd71f
Memory region         Used Size  Region Size  %age Used


Source file was:
int main(void) { return 0; }
Performing C SOURCE FILE Test check_C__nostartfiles__nostdlib__isystem___home_matt_ncs_toolchains_b77d8c1312_opt_zephyr_sdk_arm_zephyr_eabi_bin____lib_gcc_arm_zephyr_eabi_12_2_0_include___isystem___home_matt_ncs_toolchains_b77d8c1312_opt_zephyr_sdk_arm_zephyr_eabi_bin____lib_gcc_arm_zephyr_eabi_12_2_0_include_fixed___Wl___unresolved_symbols_ignore_in_object_files__Wl___entry_0__pg succeeded with the following output:
Change Dir: /home/matt/Downloads/ncs/zephyr/samples/basic/blinky/build/CMakeFiles/CMakeTmp

Run Build Command(s):/home/matt/ncs/toolchains/b77d8c1312/usr/local/bin/ninja cmTC_664da && [1/2] Building C object CMakeFiles/cmTC_664da.dir/src.c.obj
[2/2] Linking C executable cmTC_664da


Source file was:
int main(void) { return 0; }
Performing C SOURCE FILE Test check_C__nostartfiles__nostdlib__isystem___home_matt_ncs_toolchains_b77d8c1312_opt_zephyr_sdk_arm_zephyr_eabi_bin____lib_gcc_arm_zephyr_eabi_12_2_0_include___isystem___home_matt_ncs_toolchains_b77d8c1312_opt_zephyr_sdk_arm_zephyr_eabi_bin____lib_gcc_arm_zephyr_eabi_12_2_0_include_fixed___Wl___unresolved_symbols_ignore_in_object_files__Wl___entry_0__mcpu_cortex_m4__mthumb__mabi_aapcs__mfp16_format_ieee succeeded with the following output:
Change Dir: /home/matt/Downloads/ncs/zephyr/samples/basic/blinky/build/CMakeFiles/CMakeTmp

Run Build Command(s):/home/matt/ncs/toolchains/b77d8c1312/usr/local/bin/ninja cmTC_41355 && [1/2] Building C object CMakeFiles/cmTC_41355.dir/src.c.obj
[2/2] Linking C executable cmTC_41355


Source file was:
int main(void) { return 0; }
Performing C SOURCE FILE Test check_C__nostartfiles__nostdlib__isystem___home_matt_ncs_toolchains_b77d8c1312_opt_zephyr_sdk_arm_zephyr_eabi_bin____lib_gcc_arm_zephyr_eabi_12_2_0_include___isystem___home_matt_ncs_toolchains_b77d8c1312_opt_zephyr_sdk_arm_zephyr_eabi_bin____lib_gcc_arm_zephyr_eabi_12_2_0_include_fixed___Wl___unresolved_symbols_ignore_in_object_files__Wl___entry_0__Wl___gc_sections succeeded with the following output:
Change Dir: /home/matt/Downloads/ncs/zephyr/samples/basic/blinky/build/CMakeFiles/CMakeTmp

Run Build Command(s):/home/matt/ncs/toolchains/b77d8c1312/usr/local/bin/ninja cmTC_024d5 && [1/2] Building C object CMakeFiles/cmTC_024d5.dir/src.c.obj
[2/2] Linking C executable cmTC_024d5


Source file was:
int main(void) { return 0; }
Performing C SOURCE FILE Test check_C__nostartfiles__nostdlib__isystem___home_matt_ncs_toolchains_b77d8c1312_opt_zephyr_sdk_arm_zephyr_eabi_bin____lib_gcc_arm_zephyr_eabi_12_2_0_include___isystem___home_matt_ncs_toolchains_b77d8c1312_opt_zephyr_sdk_arm_zephyr_eabi_bin____lib_gcc_arm_zephyr_eabi_12_2_0_include_fixed___Wl___unresolved_symbols_ignore_in_object_files__Wl___entry_0__Wl___build_id_none succeeded with the following output:
Change Dir: /home/matt/Downloads/ncs/zephyr/samples/basic/blinky/build/CMakeFiles/CMakeTmp

Run Build Command(s):/home/matt/ncs/toolchains/b77d8c1312/usr/local/bin/ninja cmTC_40333 && [1/2] Building C object CMakeFiles/cmTC_40333.dir/src.c.obj
[2/2] Linking C executable cmTC_40333


Source file was:
int main(void) { return 0; }
Performing C SOURCE FILE Test check_C__nostartfiles__nostdlib__isystem___home_matt_ncs_toolchains_b77d8c1312_opt_zephyr_sdk_arm_zephyr_eabi_bin____lib_gcc_arm_zephyr_eabi_12_2_0_include___isystem___home_matt_ncs_toolchains_b77d8c1312_opt_zephyr_sdk_arm_zephyr_eabi_bin____lib_gcc_arm_zephyr_eabi_12_2_0_include_fixed___Wl___unresolved_symbols_ignore_in_object_files__Wl___entry_0__Wl___sort_common_descending succeeded with the following output:
Change Dir: /home/matt/Downloads/ncs/zephyr/samples/basic/blinky/build/CMakeFiles/CMakeTmp

Run Build Command(s):/home/matt/ncs/toolchains/b77d8c1312/usr/local/bin/ninja cmTC_2e63e && [1/2] Building C object CMakeFiles/cmTC_2e63e.dir/src.c.obj
[2/2] Linking C executable cmTC_2e63e


Source file was:
int main(void) { return 0; }
Performing C SOURCE FILE Test check_C__nostartfiles__nostdlib__isystem___home_matt_ncs_toolchains_b77d8c1312_opt_zephyr_sdk_arm_zephyr_eabi_bin____lib_gcc_arm_zephyr_eabi_12_2_0_include___isystem___home_matt_ncs_toolchains_b77d8c1312_opt_zephyr_sdk_arm_zephyr_eabi_bin____lib_gcc_arm_zephyr_eabi_12_2_0_include_fixed___Wl___unresolved_symbols_ignore_in_object_files__Wl___entry_0__Wl___sort_section_alignment succeeded with the following output:
Change Dir: /home/matt/Downloads/ncs/zephyr/samples/basic/blinky/build/CMakeFiles/CMakeTmp

Run Build Command(s):/home/matt/ncs/toolchains/b77d8c1312/usr/local/bin/ninja cmTC_fe6cd && [1/2] Building C object CMakeFiles/cmTC_fe6cd.dir/src.c.obj
[2/2] Linking C executable cmTC_fe6cd


Source file was:
int main(void) { return 0; }
Performing C SOURCE FILE Test check_C__nostartfiles__nostdlib__isystem___home_matt_ncs_toolchains_b77d8c1312_opt_zephyr_sdk_arm_zephyr_eabi_bin____lib_gcc_arm_zephyr_eabi_12_2_0_include___isystem___home_matt_ncs_toolchains_b77d8c1312_opt_zephyr_sdk_arm_zephyr_eabi_bin____lib_gcc_arm_zephyr_eabi_12_2_0_include_fixed___Wl___unresolved_symbols_ignore_in_object_files__Wl___entry_0__nostdlib succeeded with the following output:
Change Dir: /home/matt/Downloads/ncs/zephyr/samples/basic/blinky/build/CMakeFiles/CMakeTmp

Run Build Command(s):/home/matt/ncs/toolchains/b77d8c1312/usr/local/bin/ninja cmTC_7dff6 && [1/2] Building C object CMakeFiles/cmTC_7dff6.dir/src.c.obj
[2/2] Linking C executable cmTC_7dff6


Source file was:
int main(void) { return 0; }
Performing C SOURCE FILE Test check_C__nostartfiles__nostdlib__isystem___home_matt_ncs_toolchains_b77d8c1312_opt_zephyr_sdk_arm_zephyr_eabi_bin____lib_gcc_arm_zephyr_eabi_12_2_0_include___isystem___home_matt_ncs_toolchains_b77d8c1312_opt_zephyr_sdk_arm_zephyr_eabi_bin____lib_gcc_arm_zephyr_eabi_12_2_0_include_fixed___Wl___unresolved_symbols_ignore_in_object_files__Wl___entry_0__static succeeded with the following output:
Change Dir: /home/matt/Downloads/ncs/zephyr/samples/basic/blinky/build/CMakeFiles/CMakeTmp

Run Build Command(s):/home/matt/ncs/toolchains/b77d8c1312/usr/local/bin/ninja cmTC_cd707 && [1/2] Building C object CMakeFiles/cmTC_cd707.dir/src.c.obj
[2/2] Linking C executable cmTC_cd707


Source file was:
int main(void) { return 0; }
Performing C SOURCE FILE Test check_C__nostartfiles__nostdlib__isystem___home_matt_ncs_toolchains_b77d8c1312_opt_zephyr_sdk_arm_zephyr_eabi_bin____lib_gcc_arm_zephyr_eabi_12_2_0_include___isystem___home_matt_ncs_toolchains_b77d8c1312_opt_zephyr_sdk_arm_zephyr_eabi_bin____lib_gcc_arm_zephyr_eabi_12_2_0_include_fixed___Wl___unresolved_symbols_ignore_in_object_files__Wl___entry_0__Wl__X succeeded with the following output:
Change Dir: /home/matt/Downloads/ncs/zephyr/samples/basic/blinky/build/CMakeFiles/CMakeTmp

Run Build Command(s):/home/matt/ncs/toolchains/b77d8c1312/usr/local/bin/ninja cmTC_1b193 && [1/2] Building C object CMakeFiles/cmTC_1b193.dir/src.c.obj
[2/2] Linking C executable cmTC_1b193


Source file was:
int main(void) { return 0; }
Performing C SOURCE FILE Test check_C__nostartfiles__nostdlib__isystem___home_matt_ncs_toolchains_b77d8c1312_opt_zephyr_sdk_arm_zephyr_eabi_bin____lib_gcc_arm_zephyr_eabi_12_2_0_include___isystem___home_matt_ncs_toolchains_b77d8c1312_opt_zephyr_sdk_arm_zephyr_eabi_bin____lib_gcc_arm_zephyr_eabi_12_2_0_include_fixed___Wl___unresolved_symbols_ignore_in_object_files__Wl___entry_0__Wl__N succeeded with the following output:
Change Dir: /home/matt/Downloads/ncs/zephyr/samples/basic/blinky/build/CMakeFiles/CMakeTmp

Run Build Command(s):/home/matt/ncs/toolchains/b77d8c1312/usr/local/bin/ninja cmTC_80305 && [1/2] Building C object CMakeFiles/cmTC_80305.dir/src.c.obj
[2/2] Linking C executable cmTC_80305


Source file was:
int main(void) { return 0; }
Performing C SOURCE FILE Test check_C__nostartfiles__nostdlib__isystem___home_matt_ncs_toolchains_b77d8c1312_opt_zephyr_sdk_arm_zephyr_eabi_bin____lib_gcc_arm_zephyr_eabi_12_2_0_include___isystem___home_matt_ncs_toolchains_b77d8c1312_opt_zephyr_sdk_arm_zephyr_eabi_bin____lib_gcc_arm_zephyr_eabi_12_2_0_include_fixed___Wl___unresolved_symbols_ignore_in_object_files__Wl___entry_0__Wl___orphan_handling_warn succeeded with the following output:
Change Dir: /home/matt/Downloads/ncs/zephyr/samples/basic/blinky/build/CMakeFiles/CMakeTmp

Run Build Command(s):/home/matt/ncs/toolchains/b77d8c1312/usr/local/bin/ninja cmTC_fe41c && [1/2] Building C object CMakeFiles/cmTC_fe41c.dir/src.c.obj
[2/2] Linking C executable cmTC_fe41c


Source file was:
int main(void) { return 0; }
Performing C SOURCE FILE Test check_fno_asynchronous_unwind_tables_C__nostartfiles__nostdlib__isystem___home_matt_ncs_toolchains_b77d8c1312_opt_zephyr_sdk_arm_zephyr_eabi_bin____lib_gcc_arm_zephyr_eabi_12_2_0_include___isystem___home_matt_ncs_toolchains_b77d8c1312_opt_zephyr_sdk_arm_zephyr_eabi_bin____lib_gcc_arm_zephyr_eabi_12_2_0_include_fixed___Wl___unresolved_symbols_ignore_in_object_files__Wl___entry_0 succeeded with the following output:
Change Dir: /home/matt/Downloads/ncs/zephyr/samples/basic/blinky/build/CMakeFiles/CMakeTmp

Run Build Command(s):/home/matt/ncs/toolchains/b77d8c1312/usr/local/bin/ninja cmTC_89538 && [1/2] Building C object CMakeFiles/cmTC_89538.dir/src.c.obj
[2/2] Linking C executable cmTC_89538


Source file was:
int main(void) { return 0; }
Performing C SOURCE FILE Test check_ftls_model_local_exec_C__nostartfiles__nostdlib__isystem___home_matt_ncs_toolchains_b77d8c1312_opt_zephyr_sdk_arm_zephyr_eabi_bin____lib_gcc_arm_zephyr_eabi_12_2_0_include___isystem___home_matt_ncs_toolchains_b77d8c1312_opt_zephyr_sdk_arm_zephyr_eabi_bin____lib_gcc_arm_zephyr_eabi_12_2_0_include_fixed___Wl___unresolved_symbols_ignore_in_object_files__Wl___entry_0 succeeded with the following output:
Change Dir: /home/matt/Downloads/ncs/zephyr/samples/basic/blinky/build/CMakeFiles/CMakeTmp

Run Build Command(s):/home/matt/ncs/toolchains/b77d8c1312/usr/local/bin/ninja cmTC_5f4e9 && [1/2] Building C object CMakeFiles/cmTC_5f4e9.dir/src.c.obj
[2/2] Linking C executable cmTC_5f4e9


Source file was:
int main(void) { return 0; }
Performing C SOURCE FILE Test check_fno_reorder_functions_C__nostartfiles__nostdlib__isystem___home_matt_ncs_toolchains_b77d8c1312_opt_zephyr_sdk_arm_zephyr_eabi_bin____lib_gcc_arm_zephyr_eabi_12_2_0_include___isystem___home_matt_ncs_toolchains_b77d8c1312_opt_zephyr_sdk_arm_zephyr_eabi_bin____lib_gcc_arm_zephyr_eabi_12_2_0_include_fixed___Wl___unresolved_symbols_ignore_in_object_files__Wl___entry_0 succeeded with the following output:
Change Dir: /home/matt/Downloads/ncs/zephyr/samples/basic/blinky/build/CMakeFiles/CMakeTmp

Run Build Command(s):/home/matt/ncs/toolchains/b77d8c1312/usr/local/bin/ninja cmTC_755ea && [1/2] Building C object CMakeFiles/cmTC_755ea.dir/src.c.obj
[2/2] Linking C executable cmTC_755ea


Source file was:
int main(void) { return 0; }
Performing C SOURCE FILE Test check__param_min_pagesize_0_C__nostartfiles__nostdlib__isystem___home_matt_ncs_toolchains_b77d8c1312_opt_zephyr_sdk_arm_zephyr_eabi_bin____lib_gcc_arm_zephyr_eabi_12_2_0_include___isystem___home_matt_ncs_toolchains_b77d8c1312_opt_zephyr_sdk_arm_zephyr_eabi_bin____lib_gcc_arm_zephyr_eabi_12_2_0_include_fixed___Wl___unresolved_symbols_ignore_in_object_files__Wl___entry_0 succeeded with the following output:
Change Dir: /home/matt/Downloads/ncs/zephyr/samples/basic/blinky/build/CMakeFiles/CMakeTmp

Run Build Command(s):/home/matt/ncs/toolchains/b77d8c1312/usr/local/bin/ninja cmTC_a8574 && [1/2] Building C object CMakeFiles/cmTC_a8574.dir/src.c.obj
[2/2] Linking C executable cmTC_a8574


Source file was:
int main(void) { return 0; }
Performing C SOURCE FILE Test check_fno_defer_pop_C__nostartfiles__nostdlib__isystem___home_matt_ncs_toolchains_b77d8c1312_opt_zephyr_sdk_arm_zephyr_eabi_bin____lib_gcc_arm_zephyr_eabi_12_2_0_include___isystem___home_matt_ncs_toolchains_b77d8c1312_opt_zephyr_sdk_arm_zephyr_eabi_bin____lib_gcc_arm_zephyr_eabi_12_2_0_include_fixed___Wl___unresolved_symbols_ignore_in_object_files__Wl___entry_0 succeeded with the following output:
Change Dir: /home/matt/Downloads/ncs/zephyr/samples/basic/blinky/build/CMakeFiles/CMakeTmp

Run Build Command(s):/home/matt/ncs/toolchains/b77d8c1312/usr/local/bin/ninja cmTC_c3e90 && [1/2] Building C object CMakeFiles/cmTC_c3e90.dir/src.c.obj
[2/2] Linking C executable cmTC_c3e90


Source file was:
int main(void) { return 0; }
Performing C SOURCE FILE Test check_fmacro_prefix_map__home_matt_Downloads_ncs_zephyr_samples_basic_blinky_CMAKE_SOURCE_DIR_C__nostartfiles__nostdlib__isystem___home_matt_ncs_toolchains_b77d8c1312_opt_zephyr_sdk_arm_zephyr_eabi_bin____lib_gcc_arm_zephyr_eabi_12_2_0_include___isystem___home_matt_ncs_toolchains_b77d8c1312_opt_zephyr_sdk_arm_zephyr_eabi_bin____lib_gcc_arm_zephyr_eabi_12_2_0_include_fixed___Wl___unresolved_symbols_ignore_in_object_files__Wl___entry_0 succeeded with the following output:
Change Dir: /home/matt/Downloads/ncs/zephyr/samples/basic/blinky/build/CMakeFiles/CMakeTmp

Run Build Command(s):/home/matt/ncs/toolchains/b77d8c1312/usr/local/bin/ninja cmTC_a00f2 && [1/2] Building C object CMakeFiles/cmTC_a00f2.dir/src.c.obj
[2/2] Linking C executable cmTC_a00f2


Source file was:
int main(void) { return 0; }
Performing C SOURCE FILE Test check_fmacro_prefix_map__home_matt_Downloads_ncs_zephyr_ZEPHYR_BASE_C__nostartfiles__nostdlib__isystem___home_matt_ncs_toolchains_b77d8c1312_opt_zephyr_sdk_arm_zephyr_eabi_bin____lib_gcc_arm_zephyr_eabi_12_2_0_include___isystem___home_matt_ncs_toolchains_b77d8c1312_opt_zephyr_sdk_arm_zephyr_eabi_bin____lib_gcc_arm_zephyr_eabi_12_2_0_include_fixed___Wl___unresolved_symbols_ignore_in_object_files__Wl___entry_0 succeeded with the following output:
Change Dir: /home/matt/Downloads/ncs/zephyr/samples/basic/blinky/build/CMakeFiles/CMakeTmp

Run Build Command(s):/home/matt/ncs/toolchains/b77d8c1312/usr/local/bin/ninja cmTC_000e1 && [1/2] Building C object CMakeFiles/cmTC_000e1.dir/src.c.obj
[2/2] Linking C executable cmTC_000e1


Source file was:
int main(void) { return 0; }
Performing C SOURCE FILE Test check_fmacro_prefix_map__home_matt_Downloads_ncs_WEST_TOPDIR_C__nostartfiles__nostdlib__isystem___home_matt_ncs_toolchains_b77d8c1312_opt_zephyr_sdk_arm_zephyr_eabi_bin____lib_gcc_arm_zephyr_eabi_12_2_0_include___isystem___home_matt_ncs_toolchains_b77d8c1312_opt_zephyr_sdk_arm_zephyr_eabi_bin____lib_gcc_arm_zephyr_eabi_12_2_0_include_fixed___Wl___unresolved_symbols_ignore_in_object_files__Wl___entry_0 succeeded with the following output:
Change Dir: /home/matt/Downloads/ncs/zephyr/samples/basic/blinky/build/CMakeFiles/CMakeTmp

Run Build Command(s):/home/matt/ncs/toolchains/b77d8c1312/usr/local/bin/ninja cmTC_7ddcf && [1/2] Building C object CMakeFiles/cmTC_7ddcf.dir/src.c.obj
[2/2] Linking C executable cmTC_7ddcf


Source file was:
int main(void) { return 0; }
Performing C SOURCE FILE Test check_ffunction_sections_C__nostartfiles__nostdlib__isystem___home_matt_ncs_toolchains_b77d8c1312_opt_zephyr_sdk_arm_zephyr_eabi_bin____lib_gcc_arm_zephyr_eabi_12_2_0_include___isystem___home_matt_ncs_toolchains_b77d8c1312_opt_zephyr_sdk_arm_zephyr_eabi_bin____lib_gcc_arm_zephyr_eabi_12_2_0_include_fixed___Wl___unresolved_symbols_ignore_in_object_files__Wl___entry_0 succeeded with the following output:
Change Dir: /home/matt/Downloads/ncs/zephyr/samples/basic/blinky/build/CMakeFiles/CMakeTmp

Run Build Command(s):/home/matt/ncs/toolchains/b77d8c1312/usr/local/bin/ninja cmTC_68a07 && [1/2] Building C object CMakeFiles/cmTC_68a07.dir/src.c.obj
[2/2] Linking C executable cmTC_68a07


Source file was:
int main(void) { return 0; }
Performing C SOURCE FILE Test check_fdata_sections_C__nostartfiles__nostdlib__isystem___home_matt_ncs_toolchains_b77d8c1312_opt_zephyr_sdk_arm_zephyr_eabi_bin____lib_gcc_arm_zephyr_eabi_12_2_0_include___isystem___home_matt_ncs_toolchains_b77d8c1312_opt_zephyr_sdk_arm_zephyr_eabi_bin____lib_gcc_arm_zephyr_eabi_12_2_0_include_fixed___Wl___unresolved_symbols_ignore_in_object_files__Wl___entry_0 succeeded with the following output:
Change Dir: /home/matt/Downloads/ncs/zephyr/samples/basic/blinky/build/CMakeFiles/CMakeTmp

Run Build Command(s):/home/matt/ncs/toolchains/b77d8c1312/usr/local/bin/ninja cmTC_1c229 && [1/2] Building C object CMakeFiles/cmTC_1c229.dir/src.c.obj
[2/2] Linking C executable cmTC_1c229


Source file was:
int main(void) { return 0; }
